\BOOKMARK [1][-]{section.1}{\376\377\000E\000x\000e\000c\000u\000t\000i\000v\000e\000\040\000S\000u\000m\000m\000a\000r\000y}{}% 1
\BOOKMARK [2][-]{subsection.1.1}{\376\377\000R\000G\000I\000G\000\040\000V\0005\000.\0000\000\040\000O\000v\000e\000r\000v\000i\000e\000w}{section.1}% 2
\BOOKMARK [2][-]{subsection.1.2}{\376\377\000I\000n\000t\000e\000g\000r\000a\000t\000i\000o\000n\000\040\000B\000e\000n\000e\000f\000i\000t\000s}{section.1}% 3
\BOOKMARK [1][-]{section.2}{\376\377\000R\000G\000I\000G\000\040\000V\0005\000.\0000\000\040\000A\000r\000c\000h\000i\000t\000e\000c\000t\000u\000r\000e}{}% 4
\BOOKMARK [2][-]{subsection.2.1}{\376\377\000F\000i\000e\000l\000d\000\040\000S\000t\000r\000u\000c\000t\000u\000r\000e}{section.2}% 5
\BOOKMARK [2][-]{subsection.2.2}{\376\377\000T\000e\000s\000t\000i\000n\000g\000\040\000F\000r\000a\000m\000e\000w\000o\000r\000k}{section.2}% 6
\BOOKMARK [1][-]{section.3}{\376\377\000F\000i\000e\000l\000d\000\040\000A\000:\000\040\000A\000b\000s\000t\000r\000a\000c\000t\000\040\000R\000e\000a\000s\000o\000n\000i\000n\000g\000\040\000\046\000\040\000M\000a\000t\000h\000e\000m\000a\000t\000i\000c\000s}{}% 7
\BOOKMARK [2][-]{subsection.3.1}{\376\377\000O\000v\000e\000r\000v\000i\000e\000w}{section.3}% 8
\BOOKMARK [2][-]{subsection.3.2}{\376\377\000T\000e\000s\000t\000\040\000C\000a\000t\000e\000g\000o\000r\000i\000e\000s}{section.3}% 9
\BOOKMARK [2][-]{subsection.3.3}{\376\377\000M\000M\000H\000-\000R\000S\000\040\000I\000n\000t\000e\000g\000r\000a\000t\000i\000o\000n}{section.3}% 10
\BOOKMARK [2][-]{subsection.3.4}{\376\377\000P\000e\000r\000f\000o\000r\000m\000a\000n\000c\000e\000\040\000M\000e\000t\000r\000i\000c\000s}{section.3}% 11
\BOOKMARK [1][-]{section.4}{\376\377\000F\000i\000e\000l\000d\000\040\000B\000:\000\040\000A\000d\000a\000p\000t\000i\000v\000e\000\040\000L\000e\000a\000r\000n\000i\000n\000g\000\040\000\046\000\040\000P\000a\000t\000t\000e\000r\000n\000\040\000R\000e\000c\000o\000g\000n\000i\000t\000i\000o\000n}{}% 12
\BOOKMARK [2][-]{subsection.4.1}{\376\377\000O\000v\000e\000r\000v\000i\000e\000w}{section.4}% 13
\BOOKMARK [2][-]{subsection.4.2}{\376\377\000T\000e\000s\000t\000\040\000C\000a\000t\000e\000g\000o\000r\000i\000e\000s}{section.4}% 14
\BOOKMARK [2][-]{subsection.4.3}{\376\377\000M\000M\000H\000-\000R\000S\000\040\000I\000n\000t\000e\000g\000r\000a\000t\000i\000o\000n}{section.4}% 15
\BOOKMARK [2][-]{subsection.4.4}{\376\377\000P\000e\000r\000f\000o\000r\000m\000a\000n\000c\000e\000\040\000M\000e\000t\000r\000i\000c\000s}{section.4}% 16
\BOOKMARK [1][-]{section.5}{\376\377\000F\000i\000e\000l\000d\000\040\000C\000:\000\040\000E\000m\000b\000o\000d\000i\000e\000d\000\040\000A\000g\000e\000n\000c\000y\000\040\000\046\000\040\000P\000h\000y\000s\000i\000c\000a\000l\000\040\000I\000n\000t\000e\000r\000a\000c\000t\000i\000o\000n}{}% 17
\BOOKMARK [2][-]{subsection.5.1}{\376\377\000O\000v\000e\000r\000v\000i\000e\000w}{section.5}% 18
\BOOKMARK [2][-]{subsection.5.2}{\376\377\000T\000e\000s\000t\000\040\000C\000a\000t\000e\000g\000o\000r\000i\000e\000s}{section.5}% 19
\BOOKMARK [2][-]{subsection.5.3}{\376\377\000M\000M\000H\000-\000R\000S\000\040\000I\000n\000t\000e\000g\000r\000a\000t\000i\000o\000n}{section.5}% 20
\BOOKMARK [2][-]{subsection.5.4}{\376\377\000P\000e\000r\000f\000o\000r\000m\000a\000n\000c\000e\000\040\000M\000e\000t\000r\000i\000c\000s}{section.5}% 21
\BOOKMARK [1][-]{section.6}{\376\377\000F\000i\000e\000l\000d\000\040\000D\000:\000\040\000M\000u\000l\000t\000i\000m\000o\000d\000a\000l\000\040\000S\000y\000n\000t\000h\000e\000s\000i\000s\000\040\000\046\000\040\000C\000r\000o\000s\000s\000-\000M\000o\000d\000a\000l\000\040\000T\000a\000s\000k\000s}{}% 22
\BOOKMARK [2][-]{subsection.6.1}{\376\377\000O\000v\000e\000r\000v\000i\000e\000w}{section.6}% 23
\BOOKMARK [2][-]{subsection.6.2}{\376\377\000T\000e\000s\000t\000\040\000C\000a\000t\000e\000g\000o\000r\000i\000e\000s}{section.6}% 24
\BOOKMARK [2][-]{subsection.6.3}{\376\377\000M\000M\000H\000-\000R\000S\000\040\000I\000n\000t\000e\000g\000r\000a\000t\000i\000o\000n}{section.6}% 25
\BOOKMARK [2][-]{subsection.6.4}{\376\377\000P\000e\000r\000f\000o\000r\000m\000a\000n\000c\000e\000\040\000M\000e\000t\000r\000i\000c\000s}{section.6}% 26
\BOOKMARK [1][-]{section.7}{\376\377\000F\000i\000e\000l\000d\000\040\000E\000:\000\040\000E\000t\000h\000i\000c\000a\000l\000\040\000G\000o\000v\000e\000r\000n\000a\000n\000c\000e\000\040\000\046\000\040\000M\000o\000r\000a\000l\000\040\000R\000e\000a\000s\000o\000n\000i\000n\000g}{}% 27
\BOOKMARK [2][-]{subsection.7.1}{\376\377\000O\000v\000e\000r\000v\000i\000e\000w}{section.7}% 28
\BOOKMARK [2][-]{subsection.7.2}{\376\377\000T\000e\000s\000t\000\040\000C\000a\000t\000e\000g\000o\000r\000i\000e\000s}{section.7}% 29
\BOOKMARK [2][-]{subsection.7.3}{\376\377\000M\000M\000H\000-\000R\000S\000\040\000I\000n\000t\000e\000g\000r\000a\000t\000i\000o\000n}{section.7}% 30
\BOOKMARK [2][-]{subsection.7.4}{\376\377\000P\000e\000r\000f\000o\000r\000m\000a\000n\000c\000e\000\040\000M\000e\000t\000r\000i\000c\000s}{section.7}% 31
\BOOKMARK [1][-]{section.8}{\376\377\000F\000i\000e\000l\000d\000\040\000F\000:\000\040\000V\000i\000s\000u\000a\000l\000\040\000S\000t\000a\000b\000i\000l\000i\000t\000y\000\040\000\046\000\040\000I\000m\000a\000g\000e\000\040\000P\000r\000o\000c\000e\000s\000s\000i\000n\000g}{}% 32
\BOOKMARK [2][-]{subsection.8.1}{\376\377\000O\000v\000e\000r\000v\000i\000e\000w}{section.8}% 33
\BOOKMARK [2][-]{subsection.8.2}{\376\377\000T\000e\000s\000t\000\040\000C\000a\000t\000e\000g\000o\000r\000i\000e\000s}{section.8}% 34
\BOOKMARK [2][-]{subsection.8.3}{\376\377\000M\000M\000H\000-\000R\000S\000\040\000I\000n\000t\000e\000g\000r\000a\000t\000i\000o\000n}{section.8}% 35
\BOOKMARK [2][-]{subsection.8.4}{\376\377\000P\000e\000r\000f\000o\000r\000m\000a\000n\000c\000e\000\040\000M\000e\000t\000r\000i\000c\000s}{section.8}% 36
\BOOKMARK [1][-]{section.9}{\376\377\000F\000i\000e\000l\000d\000\040\000G\000:\000\040\000A\000I\000\040\000M\000o\000d\000e\000l\000\040\000T\000e\000s\000t\000i\000n\000g\000\040\000\046\000\040\000C\000o\000m\000p\000r\000e\000s\000s\000i\000o\000n\000\040\000V\000a\000l\000i\000d\000a\000t\000i\000o\000n}{}% 37
\BOOKMARK [2][-]{subsection.9.1}{\376\377\000O\000v\000e\000r\000v\000i\000e\000w}{section.9}% 38
\BOOKMARK [2][-]{subsection.9.2}{\376\377\000T\000e\000s\000t\000\040\000C\000a\000t\000e\000g\000o\000r\000i\000e\000s}{section.9}% 39
\BOOKMARK [2][-]{subsection.9.3}{\376\377\000M\000M\000H\000-\000R\000S\000\040\000I\000n\000t\000e\000g\000r\000a\000t\000i\000o\000n}{section.9}% 40
\BOOKMARK [2][-]{subsection.9.4}{\376\377\000P\000e\000r\000f\000o\000r\000m\000a\000n\000c\000e\000\040\000M\000e\000t\000r\000i\000c\000s}{section.9}% 41
\BOOKMARK [1][-]{section.10}{\376\377\000M\000M\000H\000-\000R\000S\000\040\000V\0001\000.\0002\000.\0000\000\040\000I\000n\000t\000e\000g\000r\000a\000t\000i\000o\000n}{}% 42
\BOOKMARK [2][-]{subsection.10.1}{\376\377\000I\000n\000t\000e\000g\000r\000a\000t\000i\000o\000n\000\040\000A\000r\000c\000h\000i\000t\000e\000c\000t\000u\000r\000e}{section.10}% 43
\BOOKMARK [2][-]{subsection.10.2}{\376\377\000I\000n\000t\000e\000g\000r\000a\000t\000i\000o\000n\000\040\000B\000e\000n\000e\000f\000i\000t\000s}{section.10}% 44
\BOOKMARK [2][-]{subsection.10.3}{\376\377\000C\000o\000m\000m\000a\000n\000d\000\040\000L\000i\000n\000e\000\040\000I\000n\000t\000e\000g\000r\000a\000t\000i\000o\000n}{section.10}% 45
\BOOKMARK [1][-]{section.11}{\376\377\000T\000e\000s\000t\000i\000n\000g\000\040\000P\000r\000o\000t\000o\000c\000o\000l\000s}{}% 46
\BOOKMARK [2][-]{subsection.11.1}{\376\377\000S\000t\000a\000n\000d\000a\000r\000d\000\040\000T\000e\000s\000t\000i\000n\000g\000\040\000W\000o\000r\000k\000f\000l\000o\000w}{section.11}% 47
\BOOKMARK [2][-]{subsection.11.2}{\376\377\000A\000I\000\040\000M\000o\000d\000e\000l\000\040\000T\000e\000s\000t\000i\000n\000g\000\040\000W\000o\000r\000k\000f\000l\000o\000w}{section.11}% 48
\BOOKMARK [2][-]{subsection.11.3}{\376\377\000Q\000u\000a\000l\000i\000t\000y\000\040\000A\000s\000s\000u\000r\000a\000n\000c\000e}{section.11}% 49
\BOOKMARK [1][-]{section.12}{\376\377\000P\000e\000r\000f\000o\000r\000m\000a\000n\000c\000e\000\040\000B\000e\000n\000c\000h\000m\000a\000r\000k\000s}{}% 50
\BOOKMARK [2][-]{subsection.12.1}{\376\377\000R\000G\000I\000G\000\040\000V\0005\000.\0000\000\040\000B\000a\000s\000e\000l\000i\000n\000e\000\040\000P\000e\000r\000f\000o\000r\000m\000a\000n\000c\000e}{section.12}% 51
\BOOKMARK [2][-]{subsection.12.2}{\376\377\000F\000i\000e\000l\000d\000-\000S\000p\000e\000c\000i\000f\000i\000c\000\040\000P\000e\000r\000f\000o\000r\000m\000a\000n\000c\000e}{section.12}% 52
\BOOKMARK [2][-]{subsection.12.3}{\376\377\000M\000M\000H\000-\000R\000S\000\040\000I\000n\000t\000e\000g\000r\000a\000t\000i\000o\000n\000\040\000P\000e\000r\000f\000o\000r\000m\000a\000n\000c\000e}{section.12}% 53
\BOOKMARK [1][-]{section.13}{\376\377\000I\000m\000p\000l\000e\000m\000e\000n\000t\000a\000t\000i\000o\000n\000\040\000E\000x\000a\000m\000p\000l\000e\000s}{}% 54
\BOOKMARK [2][-]{subsection.13.1}{\376\377\000P\000y\000t\000h\000o\000n\000\040\000I\000n\000t\000e\000g\000r\000a\000t\000i\000o\000n}{section.13}% 55
\BOOKMARK [2][-]{subsection.13.2}{\376\377\000R\000u\000s\000t\000\040\000I\000n\000t\000e\000g\000r\000a\000t\000i\000o\000n}{section.13}% 56
\BOOKMARK [2][-]{subsection.13.3}{\376\377\000C\000o\000m\000m\000a\000n\000d\000\040\000L\000i\000n\000e\000\040\000E\000x\000a\000m\000p\000l\000e\000s}{section.13}% 57
\BOOKMARK [1][-]{section.14}{\376\377\000F\000u\000t\000u\000r\000e\000\040\000D\000e\000v\000e\000l\000o\000p\000m\000e\000n\000t}{}% 58
\BOOKMARK [2][-]{subsection.14.1}{\376\377\000R\000G\000I\000G\000\040\000V\0006\000.\0000\000\040\000R\000o\000a\000d\000m\000a\000p}{section.14}% 59
\BOOKMARK [2][-]{subsection.14.2}{\376\377\000M\000M\000H\000-\000R\000S\000\040\000V\0002\000.\0000\000\040\000I\000n\000t\000e\000g\000r\000a\000t\000i\000o\000n}{section.14}% 60
\BOOKMARK [2][-]{subsection.14.3}{\376\377\000M\000M\000H\000-\000R\000S\000\040\000V\0003\000.\0000\000\040\000I\000n\000t\000e\000g\000r\000a\000t\000i\000o\000n}{section.14}% 61
\BOOKMARK [1][-]{section.15}{\376\377\000C\000o\000n\000c\000l\000u\000s\000i\000o\000n}{}% 62
